1780935823.109000 40 DEPRECATED OPTION: --cipher set to 'AES-256-CBC' but missing in --data-ciphers (DEFAULT). OpenVPN ignores --cipher for cipher negotiations. 
1780935823.109000 1 OpenVPN 2.7.0 [git:v2.7.0/ee1577744fb09af7] Windows [SSL (OpenSSL)] [LZO] [LZ4] [PKCS11] [AEAD] [DCO] built on Feb 19 2026
1780935823.109000 1 Windows version: 10.0.19045,amd64
1780935823.109000 1 library versions: OpenSSL 3.6.1 27 Jan 2026, LZO 2.10
1780935823.109000 1 DCO version: 2.8.2
1780935823.109000 1 TCP/UDP: Preserving recently used remote address: [AF_INET6]2a0d:5600:24:c::2:1197
1780935823.125000 801 NOTE: --mute triggered...
1780935823.125000 801 1 variation(s) on previous 20 message(s) suppressed by --mute
1780935823.125000 16000002 Closing ovpn-dco interface
1780935823.125000 1 SIGUSR1[soft,dco-connect-error] received, process restarting
1780935823.125000 21000003 Restart pause, 2 second(s)
1780935825.125000 1 TCP/UDP: Preserving recently used remote address: [AF_INET6]2a0d:5600:24:c::2:1197
1780935825.125000 120 dco connect error: The network location cannot be reached. For information about network troubleshooting, see Windows Help.   (errno=1231)
1780935825.125000 16000002 Closing ovpn-dco interface
1780935825.125000 1 SIGUSR1[soft,dco-connect-error] received, process restarting
1780935825.125000 21000003 Restart pause, 2 second(s)
1780935827.125000 1 TCP/UDP: Preserving recently used remote address: [AF_INET6]2a0d:5600:24:c::2:1197
1780935827.140000 120 dco connect error: The network location cannot be reached. For information about network troubleshooting, see Windows Help.   (errno=1231)
1780935827.140000 16000002 Closing ovpn-dco interface
1780935827.140000 1 SIGUSR1[soft,dco-connect-error] received, process restarting
1780935827.140000 21000003 Restart pause, 2 second(s)
1780935829.140000 1 TCP/UDP: Preserving recently used remote address: [AF_INET6]2a0d:5600:24:c::2:1197
1780935829.156000 120 dco connect error: The network location cannot be reached. For information about network troubleshooting, see Windows Help.   (errno=1231)
1780935829.156000 16000002 Closing ovpn-dco interface
1780935829.156000 1 SIGUSR1[soft,dco-connect-error] received, process restarting
1780935829.156000 21000003 Restart pause, 2 second(s)
1780935831.156000 1 TCP/UDP: Preserving recently used remote address: [AF_INET6]2a0d:5600:24:c::2:1197
1780935831.156000 120 dco connect error: The network location cannot be reached. For information about network troubleshooting, see Windows Help.   (errno=1231)
1780935831.156000 16000002 Closing ovpn-dco interface
1780935831.156000 1 SIGUSR1[soft,dco-connect-error] received, process restarting
1780935831.156000 21000003 Restart pause, 4 second(s)
1780935835.156000 1 TCP/UDP: Preserving recently used remote address: [AF_INET6]2a0d:5600:24:c::2:1197
1780935835.156000 120 dco connect error: The network location cannot be reached. For information about network troubleshooting, see Windows Help.   (errno=1231)
1780935835.156000 16000002 Closing ovpn-dco interface
1780935835.156000 1 SIGUSR1[soft,dco-connect-error] received, process restarting
1780935835.156000 21000003 Restart pause, 8 second(s)
